<?xml version="1.0" encoding="UTF-8"?>
<testng-results ignored="0" total="1" passed="1" failed="0" skipped="0">
  <reporter-output>
  </reporter-output>
  <suite started-at="2021-10-11T15:43:08 UTC" name="Surefire suite" finished-at="2021-10-11T15:43:09 UTC" duration-ms="552">
    <groups>
    </groups>
    <test started-at="2021-10-11T15:43:08 UTC" name="Surefire test" finished-at="2021-10-11T15:43:09 UTC" duration-ms="552">
      <class name="flipkart.domain.td.MessageTest">
        <test-method signature="justToShowHow()[pri:0, instance:flipkart.domain.td.MessageTest@44ebcd03]" started-at="2021-10-11T15:43:08 UTC" name="justToShowHow" finished-at="2021-10-11T15:43:09 UTC" duration-ms="464" status="PASS">
          <reporter-output>
          </reporter-output>
        </test-method> <!-- justToShowHow -->
      </class> <!-- flipkart.domain.td.MessageTest -->
    </test> <!-- Surefire test -->
  </suite> <!-- Surefire suite -->
</testng-results>
