<?xml version="1.0" encoding="UTF-8"?>
<testsuite xmlns:xsi="http://www.w3.org/2001/XMLSchema-instance" xsi:noNamespaceSchemaLocation="https://maven.apache.org/surefire/maven-surefire-plugin/xsd/surefire-test-report.xsd" name="TestSuite" time="1.526" tests="4" errors="0" skipped="4" failures="0">
  <properties>
[...]
</properties>
  <testcase name="openSessionsAndStartModificationTracker" classname="flipkart.server.ValidationsTest" time="0">
    <skipped message="no backend found -&gt; no tests"/>
  </testcase>
  <testcase name="setup" classname="flipkart.server.ValidationsTest" time="0">
    <skipped/>
  </testcase>
  <testcase name="testValidation" classname="flipkart.server.ValidationsTest" time="0">
    <skipped message="no backend found -&gt; no tests"/>
  </testcase>
  <testcase name="restore" classname="flipkart.server.ValidationsTest" time="0">
    <skipped/>
  </testcase>
</testsuite>