<?xml version="1.0" encoding="UTF-8"?>
<testsuite xmlns:xsi="http://www.w3.org/2001/XMLSchema-instance" xsi:noNamespaceSchemaLocation="https://maven.apache.org/surefire/maven-surefire-plugin/xsd/surefire-test-report.xsd" name="TestSuite" time="2.264" tests="5" errors="0" skipped="5" failures="0">
  <properties>
[...]
</properties>
  <testcase name="startFx on fx-rdc-provider-test" classname="flipkart.gui.TestGuiProviders" time="0">
    <skipped message="FX not supported -&gt; no FX tests"/>
    <system-err><![CDATA[Oct 11, 2021 3:43:14 PM org.tentackle.log.DefaultLoggerFactory getConfiguredLoggerClass
INFO: no logging backend configured -> using default java.util.logging
Loading library prism_es2 from resource failed: java.lang.UnsatisfiedLinkError: /root/.openjfx/cache/15/libprism_es2.so: libGL.so.1: cannot open shared object file: No such file or directory
java.lang.UnsatisfiedLinkError: /root/.openjfx/cache/15/libprism_es2.so: libGL.so.1: cannot open shared object file: No such file or directory
	at java.base/java.lang.ClassLoader$NativeLibrary.load0(Native Method)
	at java.base/java.lang.ClassLoader$NativeLibrary.load(ClassLoader.java:2442)
	at java.base/java.lang.ClassLoader$NativeLibrary.loadLibrary(ClassLoader.java:2498)
	at java.base/java.lang.ClassLoader.loadLibrary0(ClassLoader.java:2694)
	at java.base/java.lang.ClassLoader.loadLibrary(ClassLoader.java:2627)
	at java.base/java.lang.Runtime.load0(Runtime.java:768)
	at java.base/java.lang.System.load(System.java:1837)
	at javafx.graphics/com.sun.glass.utils.NativeLibLoader.installLibraryFromResource(NativeLibLoader.java:214)
	at javafx.graphics/com.sun.glass.utils.NativeLibLoader.loadLibraryFromResource(NativeLibLoader.java:194)
	at javafx.graphics/com.sun.glass.utils.NativeLibLoader.loadLibraryInternal(NativeLibLoader.java:135)
	at javafx.graphics/com.sun.glass.utils.NativeLibLoader.loadLibrary(NativeLibLoader.java:53)
	at javafx.graphics/com.sun.prism.es2.ES2Pipeline.lambda$static$0(ES2Pipeline.java:69)
	at java.base/java.security.AccessController.doPrivileged(Native Method)
	at javafx.graphics/com.sun.prism.es2.ES2Pipeline.<clinit>(ES2Pipeline.java:51)
	at java.base/java.lang.Class.forName0(Native Method)
	at java.base/java.lang.Class.forName(Class.java:315)
	at javafx.graphics/com.sun.prism.GraphicsPipeline.createPipeline(GraphicsPipeline.java:218)
	at javafx.graphics/com.sun.javafx.tk.quantum.QuantumRenderer$PipelineRunnable.init(QuantumRenderer.java:91)
	at javafx.graphics/com.sun.javafx.tk.quantum.QuantumRenderer$PipelineRunnable.run(QuantumRenderer.java:124)
	at java.base/java.lang.Thread.run(Thread.java:829)
]]></system-err>
  </testcase>
  <testcase name="setUpClass on fx-rdc-provider-test" classname="flipkart.gui.TestGuiProviders" time="0">
    <skipped message="no backend found -&gt; no tests"/>
  </testcase>
  <testcase name="testGuiProviders on fx-rdc-provider-test" classname="flipkart.gui.TestGuiProviders" time="0">
    <skipped message="no backend found -&gt; no tests"/>
  </testcase>
  <testcase name="setUpClass on fx-rdc-conroller-test" classname="flipkart.gui.TestControllers" time="0">
    <skipped message="no backend found -&gt; no tests"/>
  </testcase>
  <testcase name="testControllers on fx-rdc-conroller-test" classname="flipkart.gui.TestControllers" time="0">
    <skipped message="no backend found -&gt; no tests"/>
  </testcase>
</testsuite>