<?xml version="1.0" encoding="UTF-8"?>
<testng-results ignored="0" total="2" passed="2" failed="0" skipped="0">
  <reporter-output>
  </reporter-output>
  <suite started-at="2021-10-11T15:43:05 UTC" name="Surefire suite" finished-at="2021-10-11T15:43:05 UTC" duration-ms="444">
    <groups>
    </groups>
    <test started-at="2021-10-11T15:43:05 UTC" name="Surefire test" finished-at="2021-10-11T15:43:05 UTC" duration-ms="444">
      <class name="flipkart.pdo.PdoUtilitiesTest">
        <test-method signature="testSingular()[pri:0, instance:flipkart.pdo.PdoUtilitiesTest@3ce1e309]" started-at="2021-10-11T15:43:05 UTC" name="testSingular" finished-at="2021-10-11T15:43:05 UTC" duration-ms="253" status="PASS">
          <reporter-output>
          </reporter-output>
        </test-method> <!-- testSingular -->
      </class> <!-- flipkart.pdo.PdoUtilitiesTest -->
      <class name="flipkart.pdo.EnumI18nTest">
        <test-method signature="testEnums()[pri:0, instance:flipkart.pdo.EnumI18nTest@6aba2b86]" started-at="2021-10-11T15:43:05 UTC" name="testEnums" finished-at="2021-10-11T15:43:05 UTC" duration-ms="118" status="PASS">
          <reporter-output>
          </reporter-output>
        </test-method> <!-- testEnums -->
      </class> <!-- flipkart.pdo.EnumI18nTest -->
    </test> <!-- Surefire test -->
  </suite> <!-- Surefire suite -->
</testng-results>
