<?xml version="1.0" encoding="UTF-8"?>
<!-- Generated by org.testng.reporters.JUnitXMLReporter -->
<testsuite ignored="1" hostname="ip-172-31-87-161" failures="0" tests="2" name="Surefire test" time="0.385" errors="0" timestamp="2021-10-11T15:43:15 UTC">
  <testcase classname="org.tentackle.test.fx.rdc.FxRdcTestApplication" name="@BeforeSuite startFx" time="0.826">
    <skipped/>
  </testcase> <!-- @BeforeSuite startFx -->
  <testcase classname="org.tentackle.test.pdo.TestApplication" name="@BeforeClass setUpClass" time="0.346">
    <skipped/>
  </testcase> <!-- @BeforeClass setUpClass -->
  <testcase classname="org.tentackle.test.pdo.TestApplication" name="@BeforeClass setUpClass" time="0.002">
    <skipped/>
  </testcase> <!-- @BeforeClass setUpClass -->
  <testcase classname="org.tentackle.test.fx.rdc.GuiProviderTest" name="testGuiProviders on fx-rdc-provider-test" time="0.0">
    <skipped/>
  </testcase> <!-- testGuiProviders on fx-rdc-provider-test -->
  <testcase classname="org.tentackle.test.fx.rdc.ControllerTest" name="testControllers on fx-rdc-conroller-test" time="0.0">
    <skipped/>
  </testcase> <!-- testControllers on fx-rdc-conroller-test -->
  <testcase classname="org.tentackle.test.fx.rdc.FxRdcTestApplication" name="@BeforeSuite startFx" time="0.0">
    <ignored/>
  </testcase> <!-- @BeforeSuite startFx -->
</testsuite> <!-- Surefire test -->
