<?xml version="1.0" encoding="UTF-8"?>
<!-- Generated by org.testng.reporters.JUnitXMLReporter -->
<testsuite ignored="0" hostname="ip-172-31-87-161" failures="0" tests="1" name="Surefire test" time="0.046" errors="0" timestamp="2021-10-11T15:43:19 UTC">
  <testcase classname="org.tentackle.test.pdo.AbstractPdoTest" name="@BeforeSuite openSessionsAndStartModificationTracker" time="0.847">
    <skipped/>
  </testcase> <!-- @BeforeSuite openSessionsAndStartModificationTracker -->
  <testcase classname="flipkart.server.ValidationsTest" name="@BeforeClass setup" time="-1.633966999822E9">
    <skipped/>
  </testcase> <!-- @BeforeClass setup -->
  <testcase classname="flipkart.server.ValidationsTest" name="@AfterClass restore" time="-1.633966999846E9">
    <skipped/>
  </testcase> <!-- @AfterClass restore -->
  <testcase classname="flipkart.server.ValidationsTest" name="testValidation" time="0.0">
    <skipped/>
  </testcase> <!-- testValidation -->
</testsuite> <!-- Surefire test -->
